This is pdfTeX, Version 3.1415926-2.4-1.40.13 (MiKTeX 2.9) (preloaded format=pdflatex 2015.4.21)  21 APR 2015 16:12
entering extended mode
**C:/Users/pwk183/Downloads/rel-3-9-1/doc/texinfo.tex
(C:/Users/pwk183/Downloads/rel-3-9-1/doc/texinfo.tex
LaTeX2e <2011/06/27>
Babel <v3.8m> and hyphenation patterns for english, afrikaans, ancientgreek, ar
abic, armenian, assamese, basque, bengali, bokmal, bulgarian, catalan, coptic, 
croatian, czech, danish, dutch, esperanto, estonian, farsi, finnish, french, ga
lician, german, german-x-2012-05-30, greek, gujarati, hindi, hungarian, iceland
ic, indonesian, interlingua, irish, italian, kannada, kurmanji, latin, latvian,
 lithuanian, malayalam, marathi, mongolian, mongolianlmc, monogreek, ngerman, n
german-x-2012-05-30, nynorsk, oriya, panjabi, pinyin, polish, portuguese, roman
ian, russian, sanskrit, serbian, slovak, slovenian, spanish, swedish, swissgerm
an, tamil, telugu, turkish, turkmen, ukenglish, ukrainian, uppersorbian, usengl
ishmax, welsh, loaded.
Loading texinfo [version 2009-02-08.09]:
\bindingoffset=\dimen102
\normaloffset=\dimen103
\pagewidth=\dimen104
\pageheight=\dimen105
\outerhsize=\dimen106
\outervsize=\dimen107
\cornerlong=\dimen108
\cornerthick=\dimen109
\topandbottommargin=\dimen110
\headlinebox=\box26
\footlinebox=\box27
\margin=\insert233
\EMsimple=\toks14

! Undefined control sequence.
\@->{\tt 
         \char 64}
l.617 \edef\TeX{\TeX
                     \spacefactor=1000 }
? 
! Emergency stop.
\@->{\tt 
         \char 64}
l.617 \edef\TeX{\TeX
                     \spacefactor=1000 }
End of file on the terminal!

 
Here is how much of TeX's memory you used:
 212 strings out of 493921
 2260 string characters out of 3144873
 49031 words of memory out of 3000000
 3568 multiletter control sequences out of 15000+200000
 3640 words of font info for 14 fonts, out of 3000000 for 9000
 878 hyphenation exceptions out of 8191
 5i,0n,10p,152b,18s stack positions out of 5000i,500n,10000p,200000b,50000s
!  ==> Fatal error occurred, no output PDF file produced!
